============================================================
  Generated by:           Genus(TM) Synthesis Solution 20.11-s111_1
  Generated on:           Apr 09 2025  07:57:29 pm
  Module:                 firfilter
  Operating conditions:   PVT_0P9V_125C (balanced_tree)
  Wireload mode:          enclosed
  Area mode:              timing library
============================================================

Timing
--------

    Clock      Period 
----------------------
virtual_clock 50000.0 


     Cost       Critical         Violating 
    Group      Path Slack  TNS     Paths   
-------------------------------------------
default          No paths   0.0            
virtual_clock     37740.4   0.0          0 
-------------------------------------------
Total                       0.0          0 

Instance Count
--------------
Leaf Instance Count             154 
Physical Instance count           0 
Sequential Instance Count        40 
Combinational Instance Count    114 
Hierarchical Instance Count       5 

Area
----
Cell Area                          703.152
Physical Cell Area                 0.000
Total Cell Area (Cell+Physical)    703.152
Net Area                           0.000
Total Area (Cell+Physical+Net)     703.152

Max Fanout                         40 (clk)
Min Fanout                         0 (rst)
Average Fanout                     1.6
Terms to net ratio                 2.7193
Terms to instance ratio            4.0260
Runtime                            7.434191 seconds
Elapsed Runtime                    35 seconds
Genus peak memory usage            1339.52 
Innovus peak memory usage          no_value 
Hostname                           l210.vlsilab.iiitdm.ac.in
