============================================================
  Generated by:           Genus(TM) Synthesis Solution 20.11-s111_1
  Generated on:           Apr 09 2025  07:57:29 pm
  Module:                 firfilter
  Operating conditions:   PVT_0P9V_125C (balanced_tree)
  Wireload mode:          enclosed
  Area mode:              timing library
============================================================


Path 1: MET (37740 ps) Late External Delay Assertion at pin dataout[12]
          Group: virtual_clock
     Startpoint: (F) x[1]
          Clock: (R) virtual_clock
       Endpoint: (R) dataout[12]
          Clock: (R) virtual_clock

                     Capture       Launch     
        Clock Edge:+   50000            0     
        Drv Adjust:+       0            0     
       Src Latency:+       0            0     
       Net Latency:+       0 (I)        0 (I) 
           Arrival:=   50000            0     
                                              
      Output Delay:-    8000                  
     Required Time:=   42000                  
      Launch Clock:-       0                  
       Input Delay:-    2000                  
         Data Path:-    2260                  
             Slack:=   37740                  

Exceptions/Constraints:
  input_delay              2000            FIR.sdc_line_10_8_1  
  output_delay             8000            FIR.sdc_line_16_11_1 

#------------------------------------------------------------------------------------------------------------------
#              Timing Point               Flags    Arc   Edge   Cell     Fanout  Load Trans Delay Arrival Instance 
#                                                                                (fF)  (ps)  (ps)   (ps)  Location 
#------------------------------------------------------------------------------------------------------------------
  x[1]                                    -       -      F     (arrival)      3   1.3     0     0    2000    (-,-) 
  csa_tree_add_35_45_groupi_g1911__1705/S -       CI->S  R     ADDFX1         2   0.8    46   272    2272    (-,-) 
  csa_tree_add_35_45_groupi_g1903__6260/Y -       B0->Y  F     OAI21X1        1   0.4    74    84    2356    (-,-) 
  csa_tree_add_35_45_groupi_g1902__5107/Y -       B0->Y  R     OAI2BB1X1      3   0.8    44    66    2421    (-,-) 
  csa_tree_add_35_45_groupi_g1885__6131/Y -       A1->Y  F     OAI21X1        1   0.4    74    77    2498    (-,-) 
  csa_tree_add_35_45_groupi_g1883__8246/Y -       B0->Y  R     OAI2BB1X1      3   0.6    40    63    2562    (-,-) 
  csa_tree_add_35_45_groupi_g1871__6260/Y -       A1->Y  F     OAI21XL        1   0.4    95    90    2651    (-,-) 
  csa_tree_add_35_45_groupi_g1869__2398/Y -       B0->Y  R     OAI2BB1X1      2   0.6    44    76    2727    (-,-) 
  csa_tree_add_35_45_groupi_g1857__6161/Y -       B0->Y  F     OAI21X1        1   0.4    73    83    2810    (-,-) 
  csa_tree_add_35_45_groupi_g1855__4733/Y -       B0->Y  R     OAI2BB1X1      2   0.6    40    63    2873    (-,-) 
  csa_tree_add_35_45_groupi_g1848__6131/Y -       B0->Y  F     OAI21X1        1   0.4    73    81    2954    (-,-) 
  csa_tree_add_35_45_groupi_g1846__7098/Y -       B0->Y  R     OAI2BB1X1      2   0.6    40    63    3017    (-,-) 
  csa_tree_add_35_45_groupi_g1844__8246/Y -       B0->Y  F     OAI21X1        1   0.4    73    81    3098    (-,-) 
  csa_tree_add_35_45_groupi_g1842__5122/Y -       B0->Y  R     OAI2BB1X1      1   0.6    40    63    3161    (-,-) 
  g1966/CO                                -       CI->CO R     ADDFX1         2   0.6    39   186    3347    (-,-) 
  csa_tree_add_35_45_groupi_g1837__1617/Y -       B0->Y  F     OAI21X1        1   0.4    73    80    3427    (-,-) 
  csa_tree_add_35_45_groupi_g1835__3680/Y -       B0->Y  R     OAI2BB1X1      1   0.6    40    63    3490    (-,-) 
  g1967/CO                                -       CI->CO R     ADDFX1         1   0.6    39   186    3677    (-,-) 
  g1968/CO                                -       CI->CO R     ADDFX1         2   0.6    39   186    3863    (-,-) 
  csa_tree_add_35_45_groupi_g1828__6260/Y -       B->Y   F     NAND2X1        2   1.9   136   107    3970    (-,-) 
  csa_tree_add_35_45_groupi_g1827/Y       -       A->Y   R     INVX1          1   1.2    55    99    4069    (-,-) 
  csa_tree_add_35_45_groupi_drc_bufs/Y    -       A->Y   R     BUFX12         1 100.0   189   191    4260    (-,-) 
  dataout[12]                             <<<     -      R     (port)         -     -     -     0    4260    (-,-) 
#------------------------------------------------------------------------------------------------------------------

